<?xml version="1.0" encoding="UTF-8"?>
<!-- Generated by org.testng.reporters.JUnitReportReporter -->
<testsuite skipped="0" hostname="A2ML30245" name="Qaclick.com.AppiumTest" tests="2" failures="0" timestamp="16 Apr 2019 17:07:19 GMT" time="0.011" errors="0">
  <testcase name="IOSAPP" time="0.001" classname="Qaclick.com.AppiumTest"/>
  <testcase name="AndroidApp" time="0.010" classname="Qaclick.com.AppiumTest"/>
</testsuite> <!-- Qaclick.com.AppiumTest -->
