<?xml version="1.0" encoding="UTF-8"?>
<!-- Generated by org.testng.reporters.JUnitReportReporter -->
<testsuite skipped="0" hostname="A2ML30245" name="Qaclick.com.SeleniumTest" tests="2" failures="0" timestamp="16 Apr 2019 17:07:19 GMT" time="0.002" errors="0">
  <testcase name="BrowserAutomation" time="0.001" classname="Qaclick.com.SeleniumTest"/>
  <testcase name="ElementsUI" time="0.001" classname="Qaclick.com.SeleniumTest"/>
</testsuite> <!-- Qaclick.com.SeleniumTest -->
