<?xml version="1.0" encoding="UTF-8"?>
<!-- Generated by org.testng.reporters.JUnitReportReporter -->
<testsuite hostname="A2ML30245" failures="0" tests="2" name="Qaclick.com.RestConceptTest" time="0.000" errors="0" timestamp="16 Apr 2019 17:07:35 GMT" skipped="0">
  <testcase classname="Qaclick.com.RestConceptTest" name="tweet" time="0.000"/>
  <testcase classname="Qaclick.com.RestConceptTest" name="restposting" time="0.000"/>
</testsuite> <!-- Qaclick.com.RestConceptTest -->
